<?xml version="1.0" encoding="UTF-8"?>
<!-- Generated by org.testng.reporters.JUnitReportReporter -->
<testsuite hostname="veramasa-Lenovo-V15-G4-ABP" failures="0" tests="1" name="testClasses.HomePageTestUI" time="25.983" errors="0" timestamp="2025-10-29T17:51:50 IST" skipped="0">
  <testcase classname="testClasses.HomePageTestUI" name="HomeScreen" time="25.983"/>
</testsuite> <!-- testClasses.HomePageTestUI -->
