<?xml version="1.0" encoding="UTF-8"?>
<!-- Generated by org.testng.reporters.JUnitReportReporter -->
<testsuite hostname="veramasa-Lenovo-V15-G4-ABP" failures="0" tests="11" name="testClasses.LoginSauseUI" time="46.512" errors="0" timestamp="2025-10-29T17:51:50 IST" skipped="0">
  <testcase classname="testClasses.LoginSauseUI" name="logintest" time="4.186"/>
  <testcase classname="testClasses.LoginSauseUI" name="logintest" time="4.207"/>
  <testcase classname="testClasses.LoginSauseUI" name="logintest" time="4.180"/>
  <testcase classname="testClasses.LoginSauseUI" name="logintest" time="4.175"/>
  <testcase classname="testClasses.LoginSauseUI" name="logintest" time="4.177"/>
  <testcase classname="testClasses.LoginSauseUI" name="logintest" time="4.636"/>
  <testcase classname="testClasses.LoginSauseUI" name="logintest" time="4.189"/>
  <testcase classname="testClasses.LoginSauseUI" name="logintest" time="4.196"/>
  <testcase classname="testClasses.LoginSauseUI" name="logintest" time="4.181"/>
  <testcase classname="testClasses.LoginSauseUI" name="logintest" time="4.205"/>
  <testcase classname="testClasses.LoginSauseUI" name="logintest" time="4.180"/>
</testsuite> <!-- testClasses.LoginSauseUI -->
