<?xml version="1.0" encoding="UTF-8"?>
<!-- Generated by org.testng.reporters.JUnitReportReporter -->
<testsuite hostname="veramasa-Lenovo-V15-G4-ABP" failures="0" tests="4" name="testClasses.LoginTestUI" time="1.138" errors="0" timestamp="2025-10-14T22:06:16 IST" skipped="2">
  <testcase classname="testClasses.LoginTestUI" name="loginUItest1" time="0.848"/>
  <testcase classname="testClasses.LoginTestUI" name="loginUItest1" time="0.290"/>
  <testcase classname="testClasses.LoginTestUI" name="loginuitest">
    <skipped/>
  </testcase> <!-- loginuitest -->
  <testcase classname="testClasses.LoginTestUI" name="logintest">
    <skipped/>
  </testcase> <!-- logintest -->
</testsuite> <!-- testClasses.LoginTestUI -->
