<?xml version="1.0" encoding="UTF-8"?>
<!-- Generated by org.testng.reporters.JUnitReportReporter -->
<testsuite hostname="veramasa-Lenovo-V15-G4-ABP" failures="0" tests="4" name="testClasses.LoginTestUI" time="1.325" errors="0" timestamp="2025-10-15T23:16:22 IST" skipped="2">
  <testcase classname="testClasses.LoginTestUI" name="loginUItest1" time="0.287"/>
  <testcase classname="testClasses.LoginTestUI" name="loginUItest1" time="1.038"/>
  <testcase classname="testClasses.LoginTestUI" name="logintest">
    <skipped/>
  </testcase> <!-- logintest -->
  <testcase classname="testClasses.LoginTestUI" name="loginuitest">
    <skipped/>
  </testcase> <!-- loginuitest -->
</testsuite> <!-- testClasses.LoginTestUI -->
