<?xml version="1.0" encoding="UTF-8"?>
<!-- Generated by org.testng.reporters.JUnitReportReporter -->
<testsuite hostname="veramasa-Lenovo-V15-G4-ABP" failures="0" tests="12" name="testClasses.LoginSauseUI" time="2.820" errors="0" timestamp="2025-10-16T18:11:51 IST" skipped="0">
  <testcase classname="testClasses.LoginSauseUI" name="logintest" time="0.229"/>
  <testcase classname="testClasses.LoginSauseUI" name="logintest" time="0.194"/>
  <testcase classname="testClasses.LoginSauseUI" name="logintest" time="0.193"/>
  <testcase classname="testClasses.LoginSauseUI" name="logintest" time="0.199"/>
  <testcase classname="testClasses.LoginSauseUI" name="logintest" time="0.189"/>
  <testcase classname="testClasses.LoginSauseUI" name="logintest" time="0.201"/>
  <testcase classname="testClasses.LoginSauseUI" name="logintest" time="0.665"/>
  <testcase classname="testClasses.LoginSauseUI" name="logintest" time="0.182"/>
  <testcase classname="testClasses.LoginSauseUI" name="logintest" time="0.198"/>
  <testcase classname="testClasses.LoginSauseUI" name="logintest" time="0.197"/>
  <testcase classname="testClasses.LoginSauseUI" name="logintest" time="0.190"/>
  <testcase classname="testClasses.LoginSauseUI" name="logintest" time="0.183"/>
</testsuite> <!-- testClasses.LoginSauseUI -->
