<?xml version="1.0" encoding="UTF-8"?>
<!-- Generated by org.testng.reporters.JUnitReportReporter -->
<testsuite hostname="veramasa-Lenovo-V15-G4-ABP" failures="0" tests="12" name="testClasses.LoginSauseUI" time="2.763" errors="0" timestamp="2025-10-18T16:37:57 IST" skipped="0">
  <testcase classname="testClasses.LoginSauseUI" name="logintest" time="0.230"/>
  <testcase classname="testClasses.LoginSauseUI" name="logintest" time="0.185"/>
  <testcase classname="testClasses.LoginSauseUI" name="logintest" time="0.180"/>
  <testcase classname="testClasses.LoginSauseUI" name="logintest" time="0.194"/>
  <testcase classname="testClasses.LoginSauseUI" name="logintest" time="0.188"/>
  <testcase classname="testClasses.LoginSauseUI" name="logintest" time="0.200"/>
  <testcase classname="testClasses.LoginSauseUI" name="logintest" time="0.632"/>
  <testcase classname="testClasses.LoginSauseUI" name="logintest" time="0.182"/>
  <testcase classname="testClasses.LoginSauseUI" name="logintest" time="0.197"/>
  <testcase classname="testClasses.LoginSauseUI" name="logintest" time="0.198"/>
  <testcase classname="testClasses.LoginSauseUI" name="logintest" time="0.193"/>
  <testcase classname="testClasses.LoginSauseUI" name="logintest" time="0.184"/>
</testsuite> <!-- testClasses.LoginSauseUI -->
