<?xml version="1.0" encoding="UTF-8"?>
<!-- Generated by org.testng.reporters.JUnitReportReporter -->
<testsuite hostname="veramasa-Lenovo-V15-G4-ABP" failures="0" tests="24" name="testClasses.LoginSauseUI" time="8.810" errors="0" timestamp="2025-10-29T16:27:03 IST" skipped="0">
  <testcase classname="testClasses.LoginSauseUI" name="logintest" time="0.252"/>
  <testcase classname="testClasses.LoginSauseUI" name="logintest" time="0.382"/>
  <testcase classname="testClasses.LoginSauseUI" name="logintest" time="0.253"/>
  <testcase classname="testClasses.LoginSauseUI" name="logintest" time="0.271"/>
  <testcase classname="testClasses.LoginSauseUI" name="logintest" time="0.202"/>
  <testcase classname="testClasses.LoginSauseUI" name="logintest" time="0.291"/>
  <testcase classname="testClasses.LoginSauseUI" name="logintest" time="0.382"/>
  <testcase classname="testClasses.LoginSauseUI" name="logintest" time="0.203"/>
  <testcase classname="testClasses.LoginSauseUI" name="logintest" time="0.231"/>
  <testcase classname="testClasses.LoginSauseUI" name="logintest" time="0.857"/>
  <testcase classname="testClasses.LoginSauseUI" name="logintest" time="0.392"/>
  <testcase classname="testClasses.LoginSauseUI" name="logintest" time="0.389"/>
  <testcase classname="testClasses.LoginSauseUI" name="logintest" time="0.355"/>
  <testcase classname="testClasses.LoginSauseUI" name="logintest" time="0.358"/>
  <testcase classname="testClasses.LoginSauseUI" name="logintest" time="0.671"/>
  <testcase classname="testClasses.LoginSauseUI" name="logintest" time="0.361"/>
  <testcase classname="testClasses.LoginSauseUI" name="logintest" time="0.352"/>
  <testcase classname="testClasses.LoginSauseUI" name="logintest" time="0.191"/>
  <testcase classname="testClasses.LoginSauseUI" name="logintest" time="0.790"/>
  <testcase classname="testClasses.LoginSauseUI" name="logintest" time="0.359"/>
  <testcase classname="testClasses.LoginSauseUI" name="logintest" time="0.355"/>
  <testcase classname="testClasses.LoginSauseUI" name="logintest" time="0.356"/>
  <testcase classname="testClasses.LoginSauseUI" name="logintest" time="0.194"/>
  <testcase classname="testClasses.LoginSauseUI" name="logintest" time="0.363"/>
</testsuite> <!-- testClasses.LoginSauseUI -->
