<?xml version="1.0" encoding="UTF-8"?>
<!-- Generated by org.testng.reporters.JUnitReportReporter -->
<testsuite hostname="veramasa-Lenovo-V15-G4-ABP" failures="0" tests="11" name="testClasses.LoginSauseUI" time="46.495" errors="0" timestamp="2025-10-29T17:55:39 IST" skipped="0">
  <testcase classname="testClasses.LoginSauseUI" name="logintest" time="4.183"/>
  <testcase classname="testClasses.LoginSauseUI" name="logintest" time="4.190"/>
  <testcase classname="testClasses.LoginSauseUI" name="logintest" time="4.617"/>
  <testcase classname="testClasses.LoginSauseUI" name="logintest" time="4.182"/>
  <testcase classname="testClasses.LoginSauseUI" name="logintest" time="4.197"/>
  <testcase classname="testClasses.LoginSauseUI" name="logintest" time="4.173"/>
  <testcase classname="testClasses.LoginSauseUI" name="logintest" time="4.212"/>
  <testcase classname="testClasses.LoginSauseUI" name="logintest" time="4.177"/>
  <testcase classname="testClasses.LoginSauseUI" name="logintest" time="4.208"/>
  <testcase classname="testClasses.LoginSauseUI" name="logintest" time="4.179"/>
  <testcase classname="testClasses.LoginSauseUI" name="logintest" time="4.177"/>
</testsuite> <!-- testClasses.LoginSauseUI -->
