<?xml version="1.0" encoding="UTF-8"?>
<!-- Generated by org.testng.reporters.JUnitReportReporter -->
<testsuite hostname="veramasa-Lenovo-V15-G4-ABP" failures="0" tests="24" name="testClasses.LoginSauseUI" time="8.841" errors="0" timestamp="2025-10-29T16:31:39 IST" skipped="0">
  <testcase classname="testClasses.LoginSauseUI" name="logintest" time="0.239"/>
  <testcase classname="testClasses.LoginSauseUI" name="logintest" time="0.337"/>
  <testcase classname="testClasses.LoginSauseUI" name="logintest" time="0.677"/>
  <testcase classname="testClasses.LoginSauseUI" name="logintest" time="0.336"/>
  <testcase classname="testClasses.LoginSauseUI" name="logintest" time="0.358"/>
  <testcase classname="testClasses.LoginSauseUI" name="logintest" time="0.339"/>
  <testcase classname="testClasses.LoginSauseUI" name="logintest" time="0.199"/>
  <testcase classname="testClasses.LoginSauseUI" name="logintest" time="0.335"/>
  <testcase classname="testClasses.LoginSauseUI" name="logintest" time="0.428"/>
  <testcase classname="testClasses.LoginSauseUI" name="logintest" time="0.371"/>
  <testcase classname="testClasses.LoginSauseUI" name="logintest" time="0.345"/>
  <testcase classname="testClasses.LoginSauseUI" name="logintest" time="0.339"/>
  <testcase classname="testClasses.LoginSauseUI" name="logintest" time="0.350"/>
  <testcase classname="testClasses.LoginSauseUI" name="logintest" time="0.346"/>
  <testcase classname="testClasses.LoginSauseUI" name="logintest" time="0.645"/>
  <testcase classname="testClasses.LoginSauseUI" name="logintest" time="0.351"/>
  <testcase classname="testClasses.LoginSauseUI" name="logintest" time="0.608"/>
  <testcase classname="testClasses.LoginSauseUI" name="logintest" time="0.271"/>
  <testcase classname="testClasses.LoginSauseUI" name="logintest" time="0.359"/>
  <testcase classname="testClasses.LoginSauseUI" name="logintest" time="0.347"/>
  <testcase classname="testClasses.LoginSauseUI" name="logintest" time="0.348"/>
  <testcase classname="testClasses.LoginSauseUI" name="logintest" time="0.285"/>
  <testcase classname="testClasses.LoginSauseUI" name="logintest" time="0.288"/>
  <testcase classname="testClasses.LoginSauseUI" name="logintest" time="0.340"/>
</testsuite> <!-- testClasses.LoginSauseUI -->
