<?xml version="1.0" encoding="UTF-8"?>
<!-- Generated by org.testng.reporters.JUnitReportReporter -->
<testsuite hostname="veramasa-Lenovo-V15-G4-ABP" failures="0" tests="12" name="testClasses.LoginSauseUI" time="2.611" errors="0" timestamp="2025-10-18T16:43:19 IST" skipped="0">
  <testcase classname="testClasses.LoginSauseUI" name="logintest" time="0.181"/>
  <testcase classname="testClasses.LoginSauseUI" name="logintest" time="0.193"/>
  <testcase classname="testClasses.LoginSauseUI" name="logintest" time="0.610"/>
  <testcase classname="testClasses.LoginSauseUI" name="logintest" time="0.192"/>
  <testcase classname="testClasses.LoginSauseUI" name="logintest" time="0.212"/>
  <testcase classname="testClasses.LoginSauseUI" name="logintest" time="0.167"/>
  <testcase classname="testClasses.LoginSauseUI" name="logintest" time="0.175"/>
  <testcase classname="testClasses.LoginSauseUI" name="logintest" time="0.178"/>
  <testcase classname="testClasses.LoginSauseUI" name="logintest" time="0.171"/>
  <testcase classname="testClasses.LoginSauseUI" name="logintest" time="0.179"/>
  <testcase classname="testClasses.LoginSauseUI" name="logintest" time="0.170"/>
  <testcase classname="testClasses.LoginSauseUI" name="logintest" time="0.183"/>
</testsuite> <!-- testClasses.LoginSauseUI -->
