<?xml version="1.0" encoding="UTF-8"?>
<!-- Generated by org.testng.reporters.JUnitReportReporter -->
<testsuite hostname="veramasa-Lenovo-V15-G4-ABP" failures="0" tests="12" name="testClasses.LoginSauseUI" time="2.939" errors="0" timestamp="2025-10-16T18:24:41 IST" skipped="0">
  <testcase classname="testClasses.LoginSauseUI" name="logintest" time="0.199"/>
  <testcase classname="testClasses.LoginSauseUI" name="logintest" time="0.198"/>
  <testcase classname="testClasses.LoginSauseUI" name="logintest" time="0.736"/>
  <testcase classname="testClasses.LoginSauseUI" name="logintest" time="0.217"/>
  <testcase classname="testClasses.LoginSauseUI" name="logintest" time="0.237"/>
  <testcase classname="testClasses.LoginSauseUI" name="logintest" time="0.194"/>
  <testcase classname="testClasses.LoginSauseUI" name="logintest" time="0.197"/>
  <testcase classname="testClasses.LoginSauseUI" name="logintest" time="0.194"/>
  <testcase classname="testClasses.LoginSauseUI" name="logintest" time="0.188"/>
  <testcase classname="testClasses.LoginSauseUI" name="logintest" time="0.196"/>
  <testcase classname="testClasses.LoginSauseUI" name="logintest" time="0.186"/>
  <testcase classname="testClasses.LoginSauseUI" name="logintest" time="0.197"/>
</testsuite> <!-- testClasses.LoginSauseUI -->
