<?xml version="1.0" encoding="UTF-8"?>
<!-- Generated by org.testng.reporters.JUnitReportReporter -->
<testsuite hostname="veramasa-Lenovo-V15-G4-ABP" failures="0" tests="2" name="testClasses.LoginTestUI" time="1.173" errors="0" timestamp="2025-10-11T13:51:29 IST" skipped="1">
  <testcase classname="testClasses.LoginTestUI" name="loginuitest" time="1.173"/>
  <testcase classname="testClasses.LoginTestUI" name="logintest">
    <skipped/>
  </testcase> <!-- logintest -->
</testsuite> <!-- testClasses.LoginTestUI -->
