<?xml version="1.0" encoding="UTF-8"?>
<!-- Generated by org.testng.reporters.JUnitReportReporter -->
<testsuite hostname="veramasa-Lenovo-V15-G4-ABP" failures="0" tests="2" name="testClasses.HomePageTestUI" time="27.772" errors="0" timestamp="2025-10-29T16:31:39 IST" skipped="0">
  <testcase classname="testClasses.HomePageTestUI" name="HomeScreen" time="0.005"/>
  <testcase classname="testClasses.HomePageTestUI" name="HomeScreen" time="27.767"/>
</testsuite> <!-- testClasses.HomePageTestUI -->
